This file contains any messages produced by compilers while
running configure, to aid debugging if configure makes a mistake.

It was created by diderot configure 2.0, which was
generated by GNU Autoconf 2.69.  Invocation command line was

  $ ./configure --with-teem=/home/teocollin/installs/teem/teem-build

## --------- ##
## Platform. ##
## --------- ##

hostname = Ananiah
uname -m = x86_64
uname -r = 4.15.0-38-generic
uname -s = Linux
uname -v = #41-Ubuntu SMP Wed Oct 10 10:59:38 UTC 2018

/usr/bin/uname -p = unknown
/bin/uname -X     = unknown

/bin/arch              = unknown
/usr/bin/arch -k       = unknown
/usr/convex/getsysinfo = unknown
/usr/bin/hostinfo      = unknown
/bin/machine           = unknown
/usr/bin/oslevel       = unknown
/bin/universe          = unknown

PATH: /home/teocollin/installs/barrier/barrier/build/bin/
PATH: /home/teocollin/apps/skype/bin
PATH: /home/teocollin/apps/Zotero_linux-x86_64
PATH: /home/teocollin/.cabal/bin
PATH: /home/teocollin/.local/bin
PATH: /home/teocollin/bin
PATH: /home/teocollin/installs/barrier/barrier/build/bin/
PATH: /home/teocollin/apps/skype/bin
PATH: /home/teocollin/apps/Zotero_linux-x86_64
PATH: /home/teocollin/.cabal/bin
PATH: /home/teocollin/.local/bin
PATH: /home/teocollin/bin
PATH: /usr/local/sbin
PATH: /usr/local/bin
PATH: /usr/sbin
PATH: /usr/bin
PATH: /sbin
PATH: /bin
PATH: /usr/games
PATH: /usr/local/games
PATH: /snap/bin


## ----------- ##
## Core tests. ##
## ----------- ##

configure:2951: checking build system type
configure:2965: result: x86_64-pc-linux-gnu
configure:2985: checking host system type
configure:2998: result: x86_64-pc-linux-gnu
configure:3085: checking for gcc
configure:3101: found /usr/bin/gcc
configure:3112: result: gcc
configure:3341: checking for C compiler version
configure:3350: gcc --version >&5
gcc (Ubuntu 7.3.0-27ubuntu1~18.04) 7.3.0
Copyright (C) 2017 Free Software Foundation, Inc.
This is free software; see the source for copying conditions.  There is NO
warranty; not even for MERCHANTABILITY or FITNESS FOR A PARTICULAR PURPOSE.

configure:3361: $? = 0
configure:3350: gcc -v >&5
Using built-in specs.
COLLECT_GCC=gcc
COLLECT_LTO_WRAPPER=/usr/lib/gcc/x86_64-linux-gnu/7/lto-wrapper
OFFLOAD_TARGET_NAMES=nvptx-none
OFFLOAD_TARGET_DEFAULT=1
Target: x86_64-linux-gnu
Configured with: ../src/configure -v --with-pkgversion='Ubuntu 7.3.0-27ubuntu1~18.04' --with-bugurl=file:///usr/share/doc/gcc-7/README.Bugs --enable-languages=c,ada,c++,go,brig,d,fortran,objc,obj-c++ --prefix=/usr --with-gcc-major-version-only --program-suffix=-7 --program-prefix=x86_64-linux-gnu- --enable-shared --enable-linker-build-id --libexecdir=/usr/lib --without-included-gettext --enable-threads=posix --libdir=/usr/lib --enable-nls --with-sysroot=/ --enable-clocale=gnu --enable-libstdcxx-debug --enable-libstdcxx-time=yes --with-default-libstdcxx-abi=new --enable-gnu-unique-object --disable-vtable-verify --enable-libmpx --enable-plugin --enable-default-pie --with-system-zlib --with-target-system-zlib --enable-objc-gc=auto --enable-multiarch --disable-werror --with-arch-32=i686 --with-abi=m64 --with-multilib-list=m32,m64,mx32 --enable-multilib --with-tune=generic --enable-offload-targets=nvptx-none --without-cuda-driver --enable-checking=release --build=x86_64-linux-gnu --host=x86_64-linux-gnu --target=x86_64-linux-gnu
Thread model: posix
gcc version 7.3.0 (Ubuntu 7.3.0-27ubuntu1~18.04) 
configure:3361: $? = 0
configure:3350: gcc -V >&5
gcc: error: unrecognized command line option '-V'
gcc: fatal error: no input files
compilation terminated.
configure:3361: $? = 1
configure:3350: gcc -qversion >&5
gcc: error: unrecognized command line option '-qversion'; did you mean '--version'?
gcc: fatal error: no input files
compilation terminated.
configure:3361: $? = 1
configure:3381: checking whether the C compiler works
configure:3403: gcc    conftest.c  >&5
configure:3407: $? = 0
configure:3455: result: yes
configure:3458: checking for C compiler default output file name
configure:3460: result: a.out
configure:3466: checking for suffix of executables
configure:3473: gcc -o conftest    conftest.c  >&5
configure:3477: $? = 0
configure:3499: result: 
configure:3521: checking whether we are cross compiling
configure:3529: gcc -o conftest    conftest.c  >&5
configure:3533: $? = 0
configure:3540: ./conftest
configure:3544: $? = 0
configure:3559: result: no
configure:3564: checking for suffix of object files
configure:3586: gcc -c   conftest.c >&5
configure:3590: $? = 0
configure:3611: result: o
configure:3615: checking whether we are using the GNU C compiler
configure:3634: gcc -c   conftest.c >&5
configure:3634: $? = 0
configure:3643: result: yes
configure:3652: checking whether gcc accepts -g
configure:3672: gcc -c -g  conftest.c >&5
configure:3672: $? = 0
configure:3713: result: yes
configure:3730: checking for gcc option to accept ISO C89
configure:3793: gcc  -c -g -O2  conftest.c >&5
configure:3793: $? = 0
configure:3806: result: none needed
configure:3831: checking how to run the C preprocessor
configure:3862: gcc -E  conftest.c
configure:3862: $? = 0
configure:3876: gcc -E  conftest.c
conftest.c:9:10: fatal error: ac_nonexistent.h: No such file or directory
 #include <ac_nonexistent.h>
          ^~~~~~~~~~~~~~~~~~
compilation terminated.
configure:3876: $? = 1
configure: failed program was:
| /* confdefs.h */
| #define PACKAGE_NAME "diderot"
| #define PACKAGE_TARNAME "diderot"
| #define PACKAGE_VERSION "2.0"
| #define PACKAGE_STRING "diderot 2.0"
| #define PACKAGE_BUGREPORT ""
| #define PACKAGE_URL ""
| /* end confdefs.h.  */
| #include <ac_nonexistent.h>
configure:3901: result: gcc -E
configure:3921: gcc -E  conftest.c
configure:3921: $? = 0
configure:3935: gcc -E  conftest.c
conftest.c:9:10: fatal error: ac_nonexistent.h: No such file or directory
 #include <ac_nonexistent.h>
          ^~~~~~~~~~~~~~~~~~
compilation terminated.
configure:3935: $? = 1
configure: failed program was:
| /* confdefs.h */
| #define PACKAGE_NAME "diderot"
| #define PACKAGE_TARNAME "diderot"
| #define PACKAGE_VERSION "2.0"
| #define PACKAGE_STRING "diderot 2.0"
| #define PACKAGE_BUGREPORT ""
| #define PACKAGE_URL ""
| /* end confdefs.h.  */
| #include <ac_nonexistent.h>
configure:4075: checking for C compiler version
configure:4084: gcc --version >&5
gcc (Ubuntu 7.3.0-27ubuntu1~18.04) 7.3.0
Copyright (C) 2017 Free Software Foundation, Inc.
This is free software; see the source for copying conditions.  There is NO
warranty; not even for MERCHANTABILITY or FITNESS FOR A PARTICULAR PURPOSE.

configure:4095: $? = 0
configure:4084: gcc -v >&5
Using built-in specs.
COLLECT_GCC=gcc
COLLECT_LTO_WRAPPER=/usr/lib/gcc/x86_64-linux-gnu/7/lto-wrapper
OFFLOAD_TARGET_NAMES=nvptx-none
OFFLOAD_TARGET_DEFAULT=1
Target: x86_64-linux-gnu
Configured with: ../src/configure -v --with-pkgversion='Ubuntu 7.3.0-27ubuntu1~18.04' --with-bugurl=file:///usr/share/doc/gcc-7/README.Bugs --enable-languages=c,ada,c++,go,brig,d,fortran,objc,obj-c++ --prefix=/usr --with-gcc-major-version-only --program-suffix=-7 --program-prefix=x86_64-linux-gnu- --enable-shared --enable-linker-build-id --libexecdir=/usr/lib --without-included-gettext --enable-threads=posix --libdir=/usr/lib --enable-nls --with-sysroot=/ --enable-clocale=gnu --enable-libstdcxx-debug --enable-libstdcxx-time=yes --with-default-libstdcxx-abi=new --enable-gnu-unique-object --disable-vtable-verify --enable-libmpx --enable-plugin --enable-default-pie --with-system-zlib --with-target-system-zlib --enable-objc-gc=auto --enable-multiarch --disable-werror --with-arch-32=i686 --with-abi=m64 --with-multilib-list=m32,m64,mx32 --enable-multilib --with-tune=generic --enable-offload-targets=nvptx-none --without-cuda-driver --enable-checking=release --build=x86_64-linux-gnu --host=x86_64-linux-gnu --target=x86_64-linux-gnu
Thread model: posix
gcc version 7.3.0 (Ubuntu 7.3.0-27ubuntu1~18.04) 
configure:4095: $? = 0
configure:4084: gcc -V >&5
gcc: error: unrecognized command line option '-V'
gcc: fatal error: no input files
compilation terminated.
configure:4095: $? = 1
configure:4084: gcc -qversion >&5
gcc: error: unrecognized command line option '-qversion'; did you mean '--version'?
gcc: fatal error: no input files
compilation terminated.
configure:4095: $? = 1
configure:4099: checking whether we are using the GNU C compiler
configure:4127: result: yes
configure:4136: checking whether gcc accepts -g
configure:4197: result: yes
configure:4214: checking for gcc option to accept ISO C89
configure:4290: result: none needed
configure:4368: checking for clang++
configure:4384: found /usr/bin/clang++
configure:4395: result: clang++
configure:4422: checking for C++ compiler version
configure:4431: clang++ --version >&5
clang version 6.0.0-1ubuntu2 (tags/RELEASE_600/final)
Target: x86_64-pc-linux-gnu
Thread model: posix
InstalledDir: /usr/bin
configure:4442: $? = 0
configure:4431: clang++ -v >&5
clang version 6.0.0-1ubuntu2 (tags/RELEASE_600/final)
Target: x86_64-pc-linux-gnu
Thread model: posix
InstalledDir: /usr/bin
Found candidate GCC installation: /usr/bin/../lib/gcc/i686-linux-gnu/8
Found candidate GCC installation: /usr/bin/../lib/gcc/x86_64-linux-gnu/7
Found candidate GCC installation: /usr/bin/../lib/gcc/x86_64-linux-gnu/7.3.0
Found candidate GCC installation: /usr/bin/../lib/gcc/x86_64-linux-gnu/8
Found candidate GCC installation: /usr/lib/gcc/i686-linux-gnu/8
Found candidate GCC installation: /usr/lib/gcc/x86_64-linux-gnu/7
... rest of stderr output deleted ...
configure:4442: $? = 0
configure:4431: clang++ -V >&5
clang: error: argument to '-V' is missing (expected 1 value)
clang: error: no input files
configure:4442: $? = 1
configure:4431: clang++ -qversion >&5
clang: error: unknown argument: '-qversion'
clang: error: no input files
configure:4442: $? = 1
configure:4446: checking whether we are using the GNU C++ compiler
configure:4465: clang++ -c   conftest.cpp >&5
configure:4465: $? = 0
configure:4474: result: yes
configure:4483: checking whether clang++ accepts -g
configure:4503: clang++ -c -g  conftest.cpp >&5
configure:4503: $? = 0
configure:4544: result: yes
configure:4575: checking whether clang++ supports C++11 features by default
configure:4869: clang++ -c -g -O2  conftest.cpp >&5
configure:4869: $? = 0
configure:4876: result: yes
configure:5560: checking for a BSD-compatible install
configure:5628: result: /usr/bin/install -c
configure:5639: checking whether make sets $(MAKE)
configure:5661: result: yes
configure:5682: checking for __attribute__((noreturn))
configure:5703: clang++ -o conftest -g -O2   conftest.cpp  >&5
configure:5703: $? = 0
configure:5716: result: yes
configure:5744: checking for x86 cpuid  output
configure:5776: gcc -o conftest -g -O2   conftest.c  >&5
conftest.c: In function 'main':
conftest.c:16:15: error: expected expression before ',' token
      int op = , level = 0, eax, ebx, ecx, edx;
               ^
configure:5776: $? = 1
configure: program exited with status 1
configure: failed program was:
| /* confdefs.h */
| #define PACKAGE_NAME "diderot"
| #define PACKAGE_TARNAME "diderot"
| #define PACKAGE_VERSION "2.0"
| #define PACKAGE_STRING "diderot 2.0"
| #define PACKAGE_BUGREPORT ""
| #define PACKAGE_URL ""
| #define HAVE_CXX11 1
| #define HAVE_FUNC_ATTRIBUTE_NORETURN 1
| /* end confdefs.h.  */
| #include <stdio.h>
| int
| main ()
| {
| 
|      int op = , level = 0, eax, ebx, ecx, edx;
|      FILE *f;
|       __asm__ __volatile__ ("xchg %%ebx, %1\n"
|         "cpuid\n"
|         "xchg %%ebx, %1\n"
|         : "=a" (eax), "=r" (ebx), "=c" (ecx), "=d" (edx)
|         : "a" (op), "2" (level));
| 
|      f = fopen("conftest_cpuid", "w"); if (!f) return 1;
|      fprintf(f, "%x:%x:%x:%x\n", eax, ebx, ecx, edx);
|      fclose(f);
|      return 0;
| 
|   ;
|   return 0;
| }
configure:5786: result: unknown
configure:5803: checking for x86-AVX xgetbv  output
configure:5833: gcc -o conftest -g -O2   conftest.c  >&5
conftest.c: In function 'main':
conftest.c:16:15: error: expected expression before ',' token
      int op = , eax, edx;
               ^
configure:5833: $? = 1
configure: program exited with status 1
configure: failed program was:
| /* confdefs.h */
| #define PACKAGE_NAME "diderot"
| #define PACKAGE_TARNAME "diderot"
| #define PACKAGE_VERSION "2.0"
| #define PACKAGE_STRING "diderot 2.0"
| #define PACKAGE_BUGREPORT ""
| #define PACKAGE_URL ""
| #define HAVE_CXX11 1
| #define HAVE_FUNC_ATTRIBUTE_NORETURN 1
| /* end confdefs.h.  */
| #include <stdio.h>
| int
| main ()
| {
| 
|      int op = , eax, edx;
|      FILE *f;
|       /* Opcodes for xgetbv */
|       __asm__ __volatile__ (".byte 0x0f, 0x01, 0xd0"
|         : "=a" (eax), "=d" (edx)
|         : "c" (op));
|      f = fopen("conftest_xgetbv", "w"); if (!f) return 1;
|      fprintf(f, "%x:%x\n", eax, edx);
|      fclose(f);
|      return 0;
| 
|   ;
|   return 0;
| }
configure:5843: result: unknown
configure:5933: checking for x86 cpuid 0x00000000 output
configure:5965: gcc -o conftest -g -O2   conftest.c  >&5
configure:5965: $? = 0
configure:5965: ./conftest
configure:5965: $? = 0
configure:5975: result: 16:756e6547:6c65746e:49656e69
configure:5998: checking for x86 cpuid 0x80000000 output
configure:6030: gcc -o conftest -g -O2   conftest.c  >&5
configure:6030: $? = 0
configure:6030: ./conftest
configure:6030: $? = 0
configure:6040: result: 80000008:0:0:0
configure:6065: checking for x86 cpuid 0x00000001 output
configure:6097: gcc -o conftest -g -O2   conftest.c  >&5
configure:6097: $? = 0
configure:6097: ./conftest
configure:6097: $? = 0
configure:6107: result: 806ea:4100800:7ffafbff:bfebfbff
configure:6134: checking for x86 cpuid 0x00000007 output
configure:6166: gcc -o conftest -g -O2   conftest.c  >&5
configure:6166: $? = 0
configure:6166: ./conftest
configure:6166: $? = 0
configure:6176: result: 0:29c6fbf:0:9c000000
configure:6202: checking for x86 cpuid 0x80000001 output
configure:6234: gcc -o conftest -g -O2   conftest.c  >&5
configure:6234: $? = 0
configure:6234: ./conftest
configure:6234: $? = 0
configure:6244: result: 0:0:121:2c100800
configure:6303: gcc -o conftest -g -O2   conftest.c  >&5
configure:6303: $? = 0
configure:6303: ./conftest
configure:6303: $? = 0
configure:6332: checking for x86-AVX xgetbv 0x00000000 output
configure:6362: gcc -o conftest -g -O2   conftest.c  >&5
configure:6362: $? = 0
configure:6362: ./conftest
configure:6362: $? = 0
configure:6372: result: 1f:0
configure:6426: checking whether RDRND is supported by the processor
configure:6439: result: yes
configure:6443: checking whether RDRND is supported by the processor and OS
configure:6456: result: yes
configure:6461: checking whether C compiler accepts -mrdrnd
configure:6480: gcc -c -g -O2  -mrdrnd  conftest.c >&5
configure:6480: $? = 0
configure:6489: result: yes
configure:6426: checking whether BMI1 is supported by the processor
configure:6439: result: yes
configure:6443: checking whether BMI1 is supported by the processor and OS
configure:6456: result: yes
configure:6461: checking whether C compiler accepts -mbmi
configure:6480: gcc -c -g -O2  -mbmi  conftest.c >&5
configure:6480: $? = 0
configure:6489: result: yes
configure:6426: checking whether BMI2 is supported by the processor
configure:6439: result: yes
configure:6443: checking whether BMI2 is supported by the processor and OS
configure:6456: result: yes
configure:6461: checking whether C compiler accepts -mbmi2
configure:6480: gcc -c -g -O2  -mbmi2  conftest.c >&5
configure:6480: $? = 0
configure:6489: result: yes
configure:6426: checking whether ADX is supported by the processor
configure:6439: result: yes
configure:6443: checking whether ADX is supported by the processor and OS
configure:6456: result: yes
configure:6461: checking whether C compiler accepts -madx
configure:6480: gcc -c -g -O2  -madx  conftest.c >&5
configure:6480: $? = 0
configure:6489: result: yes
configure:6426: checking whether MPX is supported by the processor
configure:6439: result: yes
configure:6443: checking whether MPX is supported by the processor and OS
configure:6456: result: yes
configure:6461: checking whether C compiler accepts -mmpx
configure:6480: gcc -c -g -O2  -mmpx  conftest.c >&5
configure:6480: $? = 0
configure:6489: result: yes
configure:6426: checking whether PREFETCHWT1 is supported by the processor
configure:6439: result: no
configure:6426: checking whether ABM is supported by the processor
configure:6439: result: yes
configure:6443: checking whether ABM is supported by the processor and OS
configure:6456: result: yes
configure:6461: checking whether C compiler accepts -mabm
configure:6480: gcc -c -g -O2  -mabm  conftest.c >&5
configure:6480: $? = 0
configure:6489: result: yes
configure:6426: checking whether MMX is supported by the processor
configure:6439: result: yes
configure:6443: checking whether MMX is supported by the processor and OS
configure:6456: result: yes
configure:6461: checking whether C compiler accepts -mmmx
configure:6480: gcc -c -g -O2  -mmmx  conftest.c >&5
configure:6480: $? = 0
configure:6489: result: yes
configure:6426: checking whether SSE is supported by the processor
configure:6439: result: yes
configure:6443: checking whether SSE is supported by the processor and OS
configure:6456: result: yes
configure:6461: checking whether C compiler accepts -msse
configure:6480: gcc -c -g -O2  -msse  conftest.c >&5
configure:6480: $? = 0
configure:6489: result: yes
configure:6426: checking whether SSE2 is supported by the processor
configure:6439: result: yes
configure:6443: checking whether SSE2 is supported by the processor and OS
configure:6456: result: yes
configure:6461: checking whether C compiler accepts -msse2
configure:6480: gcc -c -g -O2  -msse2  conftest.c >&5
configure:6480: $? = 0
configure:6489: result: yes
configure:6426: checking whether SSE3 is supported by the processor
configure:6439: result: yes
configure:6443: checking whether SSE3 is supported by the processor and OS
configure:6456: result: yes
configure:6461: checking whether C compiler accepts -msse3
configure:6480: gcc -c -g -O2  -msse3  conftest.c >&5
configure:6480: $? = 0
configure:6489: result: yes
configure:6426: checking whether SSSE3 is supported by the processor
configure:6439: result: yes
configure:6443: checking whether SSSE3 is supported by the processor and OS
configure:6456: result: yes
configure:6461: checking whether C compiler accepts -mssse3
configure:6480: gcc -c -g -O2  -mssse3  conftest.c >&5
configure:6480: $? = 0
configure:6489: result: yes
configure:6426: checking whether SSE4.1 is supported by the processor
configure:6439: result: yes
configure:6443: checking whether SSE4.1 is supported by the processor and OS
configure:6456: result: yes
configure:6461: checking whether C compiler accepts -msse4.1
configure:6480: gcc -c -g -O2  -msse4.1  conftest.c >&5
configure:6480: $? = 0
configure:6489: result: yes
configure:6426: checking whether SSE4.2 is supported by the processor
configure:6439: result: yes
configure:6443: checking whether SSE4.2 is supported by the processor and OS
configure:6456: result: yes
configure:6461: checking whether C compiler accepts -msse4.2
configure:6480: gcc -c -g -O2  -msse4.2  conftest.c >&5
configure:6480: $? = 0
configure:6489: result: yes
configure:6426: checking whether SSE4a is supported by the processor
configure:6439: result: no
configure:6426: checking whether SHA is supported by the processor
configure:6439: result: no
configure:6426: checking whether AES is supported by the processor
configure:6439: result: yes
configure:6443: checking whether AES is supported by the processor and OS
configure:6456: result: yes
configure:6461: checking whether C compiler accepts -maes
configure:6480: gcc -c -g -O2  -maes  conftest.c >&5
configure:6480: $? = 0
configure:6489: result: yes
configure:6426: checking whether AVX is supported by the processor
configure:6439: result: yes
configure:6443: checking whether AVX is supported by the processor and OS
configure:6456: result: yes
configure:6461: checking whether C compiler accepts -mavx
configure:6480: gcc -c -g -O2  -mavx  conftest.c >&5
configure:6480: $? = 0
configure:6489: result: yes
configure:6426: checking whether FMA3 is supported by the processor
configure:6439: result: yes
configure:6443: checking whether FMA3 is supported by the processor and OS
configure:6456: result: yes
configure:6461: checking whether C compiler accepts -mfma
configure:6480: gcc -c -g -O2  -mfma  conftest.c >&5
configure:6480: $? = 0
configure:6489: result: yes
configure:6426: checking whether FMA4 is supported by the processor
configure:6439: result: no
configure:6426: checking whether XOP is supported by the processor
configure:6439: result: no
configure:6426: checking whether AVX2 is supported by the processor
configure:6439: result: yes
configure:6443: checking whether AVX2 is supported by the processor and OS
configure:6456: result: yes
configure:6461: checking whether C compiler accepts -mavx2
configure:6480: gcc -c -g -O2  -mavx2  conftest.c >&5
configure:6480: $? = 0
configure:6489: result: yes
configure:6426: checking whether AVX512-F is supported by the processor
configure:6439: result: no
configure:6426: checking whether AVX512-CD is supported by the processor
configure:6439: result: no
configure:6426: checking whether AVX512-PF is supported by the processor
configure:6439: result: no
configure:6426: checking whether AVX512-ER is supported by the processor
configure:6439: result: no
configure:6426: checking whether AVX512-VL is supported by the processor
configure:6439: result: no
configure:6426: checking whether AVX512-BW is supported by the processor
configure:6439: result: no
configure:6426: checking whether AVX512-DQ is supported by the processor
configure:6439: result: no
configure:6426: checking whether AVX512-IFMA is supported by the processor
configure:6439: result: no
configure:6426: checking whether AVX512-VBMI is supported by the processor
configure:6439: result: no
configure:6587: checking for builtin atomic operations
configure:6600: gcc -o conftest -g -O2 -m64   conftest.c  >&5
configure:6600: $? = 0
configure:6601: result: yes
configure:6614: checking for grep that handles long lines and -e
configure:6672: result: /bin/grep
configure:6677: checking for egrep
configure:6739: result: /bin/grep -E
configure:6744: checking for ANSI C header files
configure:6764: gcc -c -g -O2 -m64  conftest.c >&5
configure:6764: $? = 0
configure:6837: gcc -o conftest -g -O2 -m64   conftest.c  >&5
configure:6837: $? = 0
configure:6837: ./conftest
configure:6837: $? = 0
configure:6848: result: yes
configure:6861: checking for sys/types.h
configure:6861: gcc -c -g -O2 -m64  conftest.c >&5
configure:6861: $? = 0
configure:6861: result: yes
configure:6861: checking for sys/stat.h
configure:6861: gcc -c -g -O2 -m64  conftest.c >&5
configure:6861: $? = 0
configure:6861: result: yes
configure:6861: checking for stdlib.h
configure:6861: gcc -c -g -O2 -m64  conftest.c >&5
configure:6861: $? = 0
configure:6861: result: yes
configure:6861: checking for string.h
configure:6861: gcc -c -g -O2 -m64  conftest.c >&5
configure:6861: $? = 0
configure:6861: result: yes
configure:6861: checking for memory.h
configure:6861: gcc -c -g -O2 -m64  conftest.c >&5
configure:6861: $? = 0
configure:6861: result: yes
configure:6861: checking for strings.h
configure:6861: gcc -c -g -O2 -m64  conftest.c >&5
configure:6861: $? = 0
configure:6861: result: yes
configure:6861: checking for inttypes.h
configure:6861: gcc -c -g -O2 -m64  conftest.c >&5
configure:6861: $? = 0
configure:6861: result: yes
configure:6861: checking for stdint.h
configure:6861: gcc -c -g -O2 -m64  conftest.c >&5
configure:6861: $? = 0
configure:6861: result: yes
configure:6861: checking for unistd.h
configure:6861: gcc -c -g -O2 -m64  conftest.c >&5
configure:6861: $? = 0
configure:6861: result: yes
configure:6873: checking whether byte ordering is bigendian
configure:6888: gcc -c -g -O2 -m64  conftest.c >&5
conftest.c:40:9: error: unknown type name 'not'
         not a universal capable compiler
         ^~~
conftest.c:40:15: error: expected '=', ',', ';', 'asm' or '__attribute__' before 'universal'
         not a universal capable compiler
               ^~~~~~~~~
conftest.c:40:15: error: unknown type name 'universal'
configure:6888: $? = 1
configure: failed program was:
| /* confdefs.h */
| #define PACKAGE_NAME "diderot"
| #define PACKAGE_TARNAME "diderot"
| #define PACKAGE_VERSION "2.0"
| #define PACKAGE_STRING "diderot 2.0"
| #define PACKAGE_BUGREPORT ""
| #define PACKAGE_URL ""
| #define HAVE_CXX11 1
| #define HAVE_FUNC_ATTRIBUTE_NORETURN 1
| #define HAVE_RDRND 1
| #define HAVE_BMI1 1
| #define HAVE_BMI2 1
| #define HAVE_ADX 1
| #define HAVE_MPX 1
| #define HAVE_ABM 1
| #define HAVE_MMX 1
| #define HAVE_SSE 1
| #define HAVE_SSE2 1
| #define HAVE_SSE3 1
| #define HAVE_SSSE3 1
| #define HAVE_SSE4_1 1
| #define HAVE_SSE4_2 1
| #define HAVE_AES 1
| #define HAVE_AVX 1
| #define HAVE_FMA3 1
| #define HAVE_AVX2 1
| #define HAVE_BUILTIN_ATOMIC_OPS 1
| #define STDC_HEADERS 1
| #define HAVE_SYS_TYPES_H 1
| #define HAVE_SYS_STAT_H 1
| #define HAVE_STDLIB_H 1
| #define HAVE_STRING_H 1
| #define HAVE_MEMORY_H 1
| #define HAVE_STRINGS_H 1
| #define HAVE_INTTYPES_H 1
| #define HAVE_STDINT_H 1
| #define HAVE_UNISTD_H 1
| /* end confdefs.h.  */
| #ifndef __APPLE_CC__
| 	       not a universal capable compiler
| 	     #endif
| 	     typedef int dummy;
| 
configure:6933: gcc -c -g -O2 -m64  conftest.c >&5
configure:6933: $? = 0
configure:6951: gcc -c -g -O2 -m64  conftest.c >&5
conftest.c: In function 'main':
conftest.c:46:4: error: unknown type name 'not'; did you mean 'ino_t'?
    not big endian
    ^~~
    ino_t
conftest.c:46:12: error: expected '=', ',', ';', 'asm' or '__attribute__' before 'endian'
    not big endian
            ^~~~~~
configure:6951: $? = 1
configure: failed program was:
| /* confdefs.h */
| #define PACKAGE_NAME "diderot"
| #define PACKAGE_TARNAME "diderot"
| #define PACKAGE_VERSION "2.0"
| #define PACKAGE_STRING "diderot 2.0"
| #define PACKAGE_BUGREPORT ""
| #define PACKAGE_URL ""
| #define HAVE_CXX11 1
| #define HAVE_FUNC_ATTRIBUTE_NORETURN 1
| #define HAVE_RDRND 1
| #define HAVE_BMI1 1
| #define HAVE_BMI2 1
| #define HAVE_ADX 1
| #define HAVE_MPX 1
| #define HAVE_ABM 1
| #define HAVE_MMX 1
| #define HAVE_SSE 1
| #define HAVE_SSE2 1
| #define HAVE_SSE3 1
| #define HAVE_SSSE3 1
| #define HAVE_SSE4_1 1
| #define HAVE_SSE4_2 1
| #define HAVE_AES 1
| #define HAVE_AVX 1
| #define HAVE_FMA3 1
| #define HAVE_AVX2 1
| #define HAVE_BUILTIN_ATOMIC_OPS 1
| #define STDC_HEADERS 1
| #define HAVE_SYS_TYPES_H 1
| #define HAVE_SYS_STAT_H 1
| #define HAVE_STDLIB_H 1
| #define HAVE_STRING_H 1
| #define HAVE_MEMORY_H 1
| #define HAVE_STRINGS_H 1
| #define HAVE_INTTYPES_H 1
| #define HAVE_STDINT_H 1
| #define HAVE_UNISTD_H 1
| /* end confdefs.h.  */
| #include <sys/types.h>
| 		#include <sys/param.h>
| 
| int
| main ()
| {
| #if BYTE_ORDER != BIG_ENDIAN
| 		 not big endian
| 		#endif
| 
|   ;
|   return 0;
| }
configure:7079: result: no
configure:7104: checking size of int
configure:7109: gcc -o conftest -g -O2 -m64   conftest.c  >&5
configure:7109: $? = 0
configure:7109: ./conftest
configure:7109: $? = 0
configure:7123: result: 4
configure:7138: checking size of long
configure:7143: gcc -o conftest -g -O2 -m64   conftest.c  >&5
configure:7143: $? = 0
configure:7143: ./conftest
configure:7143: $? = 0
configure:7157: result: 8
configure:7172: checking size of float
configure:7177: gcc -o conftest -g -O2 -m64   conftest.c  >&5
configure:7177: $? = 0
configure:7177: ./conftest
configure:7177: $? = 0
configure:7191: result: 4
configure:7206: checking size of double
configure:7211: gcc -o conftest -g -O2 -m64   conftest.c  >&5
configure:7211: $? = 0
configure:7211: ./conftest
configure:7211: $? = 0
configure:7225: result: 8
configure:7244: checking for stdbool.h that conforms to C99
configure:7311: gcc -c -g -O2  conftest.c >&5
configure:7311: $? = 0
configure:7318: result: yes
configure:7320: checking for _Bool
configure:7320: gcc -c -g -O2  conftest.c >&5
configure:7320: $? = 0
configure:7320: gcc -c -g -O2  conftest.c >&5
conftest.c: In function 'main':
conftest.c:79:20: error: expected expression before ')' token
 if (sizeof ((_Bool)))
                    ^
configure:7320: $? = 1
configure: failed program was:
| /* confdefs.h */
| #define PACKAGE_NAME "diderot"
| #define PACKAGE_TARNAME "diderot"
| #define PACKAGE_VERSION "2.0"
| #define PACKAGE_STRING "diderot 2.0"
| #define PACKAGE_BUGREPORT ""
| #define PACKAGE_URL ""
| #define HAVE_CXX11 1
| #define HAVE_FUNC_ATTRIBUTE_NORETURN 1
| #define HAVE_RDRND 1
| #define HAVE_BMI1 1
| #define HAVE_BMI2 1
| #define HAVE_ADX 1
| #define HAVE_MPX 1
| #define HAVE_ABM 1
| #define HAVE_MMX 1
| #define HAVE_SSE 1
| #define HAVE_SSE2 1
| #define HAVE_SSE3 1
| #define HAVE_SSSE3 1
| #define HAVE_SSE4_1 1
| #define HAVE_SSE4_2 1
| #define HAVE_AES 1
| #define HAVE_AVX 1
| #define HAVE_FMA3 1
| #define HAVE_AVX2 1
| #define HAVE_BUILTIN_ATOMIC_OPS 1
| #define STDC_HEADERS 1
| #define HAVE_SYS_TYPES_H 1
| #define HAVE_SYS_STAT_H 1
| #define HAVE_STDLIB_H 1
| #define HAVE_STRING_H 1
| #define HAVE_MEMORY_H 1
| #define HAVE_STRINGS_H 1
| #define HAVE_INTTYPES_H 1
| #define HAVE_STDINT_H 1
| #define HAVE_UNISTD_H 1
| #define SIZEOF_INT 4
| #define SIZEOF_LONG 8
| #define SIZEOF_FLOAT 4
| #define SIZEOF_DOUBLE 8
| /* end confdefs.h.  */
| #include <stdio.h>
| #ifdef HAVE_SYS_TYPES_H
| # include <sys/types.h>
| #endif
| #ifdef HAVE_SYS_STAT_H
| # include <sys/stat.h>
| #endif
| #ifdef STDC_HEADERS
| # include <stdlib.h>
| # include <stddef.h>
| #else
| # ifdef HAVE_STDLIB_H
| #  include <stdlib.h>
| # endif
| #endif
| #ifdef HAVE_STRING_H
| # if !defined STDC_HEADERS && defined HAVE_MEMORY_H
| #  include <memory.h>
| # endif
| # include <string.h>
| #endif
| #ifdef HAVE_STRINGS_H
| # include <strings.h>
| #endif
| #ifdef HAVE_INTTYPES_H
| # include <inttypes.h>
| #endif
| #ifdef HAVE_STDINT_H
| # include <stdint.h>
| #endif
| #ifdef HAVE_UNISTD_H
| # include <unistd.h>
| #endif
| int
| main ()
| {
| if (sizeof ((_Bool)))
| 	    return 0;
|   ;
|   return 0;
| }
configure:7320: result: yes
configure:7512: checking for the pthreads library -lpthreads
configure:7545: gcc -o conftest -g -O2    conftest.c -lpthreads  >&5
conftest.c: In function 'main':
conftest.c:50:22: warning: null argument where non-null required (argument 1) [-Wnonnull]
                      pthread_attr_init(0); pthread_cleanup_push(0, 0);
                      ^~~~~~~~~~~~~~~~~
conftest.c:51:22: warning: null argument where non-null required (argument 1) [-Wnonnull]
                      pthread_create(0,0,0,0); pthread_cleanup_pop(0);
                      ^~~~~~~~~~~~~~
conftest.c:51:22: warning: null argument where non-null required (argument 3) [-Wnonnull]
/usr/bin/ld: cannot find -lpthreads
collect2: error: ld returned 1 exit status
configure:7545: $? = 1
configure: failed program was:
| /* confdefs.h */
| #define PACKAGE_NAME "diderot"
| #define PACKAGE_TARNAME "diderot"
| #define PACKAGE_VERSION "2.0"
| #define PACKAGE_STRING "diderot 2.0"
| #define PACKAGE_BUGREPORT ""
| #define PACKAGE_URL ""
| #define HAVE_CXX11 1
| #define HAVE_FUNC_ATTRIBUTE_NORETURN 1
| #define HAVE_RDRND 1
| #define HAVE_BMI1 1
| #define HAVE_BMI2 1
| #define HAVE_ADX 1
| #define HAVE_MPX 1
| #define HAVE_ABM 1
| #define HAVE_MMX 1
| #define HAVE_SSE 1
| #define HAVE_SSE2 1
| #define HAVE_SSE3 1
| #define HAVE_SSSE3 1
| #define HAVE_SSE4_1 1
| #define HAVE_SSE4_2 1
| #define HAVE_AES 1
| #define HAVE_AVX 1
| #define HAVE_FMA3 1
| #define HAVE_AVX2 1
| #define HAVE_BUILTIN_ATOMIC_OPS 1
| #define STDC_HEADERS 1
| #define HAVE_SYS_TYPES_H 1
| #define HAVE_SYS_STAT_H 1
| #define HAVE_STDLIB_H 1
| #define HAVE_STRING_H 1
| #define HAVE_MEMORY_H 1
| #define HAVE_STRINGS_H 1
| #define HAVE_INTTYPES_H 1
| #define HAVE_STDINT_H 1
| #define HAVE_UNISTD_H 1
| #define SIZEOF_INT 4
| #define SIZEOF_LONG 8
| #define SIZEOF_FLOAT 4
| #define SIZEOF_DOUBLE 8
| #define HAVE__BOOL 1
| #define HAVE_STDBOOL_H 1
| /* end confdefs.h.  */
| #include <pthread.h>
| int
| main ()
| {
| pthread_t th; pthread_join(th, 0);
|                      pthread_attr_init(0); pthread_cleanup_push(0, 0);
|                      pthread_create(0,0,0,0); pthread_cleanup_pop(0);
|   ;
|   return 0;
| }
configure:7554: result: no
configure:7457: checking whether pthreads work without any flags
configure:7545: gcc -o conftest -g -O2    conftest.c   >&5
conftest.c: In function 'main':
conftest.c:50:22: warning: null argument where non-null required (argument 1) [-Wnonnull]
                      pthread_attr_init(0); pthread_cleanup_push(0, 0);
                      ^~~~~~~~~~~~~~~~~
conftest.c:51:22: warning: null argument where non-null required (argument 1) [-Wnonnull]
                      pthread_create(0,0,0,0); pthread_cleanup_pop(0);
                      ^~~~~~~~~~~~~~
conftest.c:51:22: warning: null argument where non-null required (argument 3) [-Wnonnull]
/tmp/ccwXUC54.o: In function `main':
/home/teocollin/gitcode/diderot/conftest.c:49: undefined reference to `pthread_join'
/home/teocollin/gitcode/diderot/conftest.c:50: undefined reference to `__pthread_register_cancel'
/home/teocollin/gitcode/diderot/conftest.c:51: undefined reference to `pthread_create'
/home/teocollin/gitcode/diderot/conftest.c:51: undefined reference to `__pthread_unregister_cancel'
collect2: error: ld returned 1 exit status
configure:7545: $? = 1
configure: failed program was:
| /* confdefs.h */
| #define PACKAGE_NAME "diderot"
| #define PACKAGE_TARNAME "diderot"
| #define PACKAGE_VERSION "2.0"
| #define PACKAGE_STRING "diderot 2.0"
| #define PACKAGE_BUGREPORT ""
| #define PACKAGE_URL ""
| #define HAVE_CXX11 1
| #define HAVE_FUNC_ATTRIBUTE_NORETURN 1
| #define HAVE_RDRND 1
| #define HAVE_BMI1 1
| #define HAVE_BMI2 1
| #define HAVE_ADX 1
| #define HAVE_MPX 1
| #define HAVE_ABM 1
| #define HAVE_MMX 1
| #define HAVE_SSE 1
| #define HAVE_SSE2 1
| #define HAVE_SSE3 1
| #define HAVE_SSSE3 1
| #define HAVE_SSE4_1 1
| #define HAVE_SSE4_2 1
| #define HAVE_AES 1
| #define HAVE_AVX 1
| #define HAVE_FMA3 1
| #define HAVE_AVX2 1
| #define HAVE_BUILTIN_ATOMIC_OPS 1
| #define STDC_HEADERS 1
| #define HAVE_SYS_TYPES_H 1
| #define HAVE_SYS_STAT_H 1
| #define HAVE_STDLIB_H 1
| #define HAVE_STRING_H 1
| #define HAVE_MEMORY_H 1
| #define HAVE_STRINGS_H 1
| #define HAVE_INTTYPES_H 1
| #define HAVE_STDINT_H 1
| #define HAVE_UNISTD_H 1
| #define SIZEOF_INT 4
| #define SIZEOF_LONG 8
| #define SIZEOF_FLOAT 4
| #define SIZEOF_DOUBLE 8
| #define HAVE__BOOL 1
| #define HAVE_STDBOOL_H 1
| /* end confdefs.h.  */
| #include <pthread.h>
| int
| main ()
| {
| pthread_t th; pthread_join(th, 0);
|                      pthread_attr_init(0); pthread_cleanup_push(0, 0);
|                      pthread_create(0,0,0,0); pthread_cleanup_pop(0);
|   ;
|   return 0;
| }
configure:7554: result: no
configure:7462: checking whether pthreads work with -Kthread
configure:7545: gcc -o conftest -g -O2 -Kthread   conftest.c   >&5
gcc: error: unrecognized command line option '-Kthread'; did you mean '-pthread'?
configure:7545: $? = 1
configure: failed program was:
| /* confdefs.h */
| #define PACKAGE_NAME "diderot"
| #define PACKAGE_TARNAME "diderot"
| #define PACKAGE_VERSION "2.0"
| #define PACKAGE_STRING "diderot 2.0"
| #define PACKAGE_BUGREPORT ""
| #define PACKAGE_URL ""
| #define HAVE_CXX11 1
| #define HAVE_FUNC_ATTRIBUTE_NORETURN 1
| #define HAVE_RDRND 1
| #define HAVE_BMI1 1
| #define HAVE_BMI2 1
| #define HAVE_ADX 1
| #define HAVE_MPX 1
| #define HAVE_ABM 1
| #define HAVE_MMX 1
| #define HAVE_SSE 1
| #define HAVE_SSE2 1
| #define HAVE_SSE3 1
| #define HAVE_SSSE3 1
| #define HAVE_SSE4_1 1
| #define HAVE_SSE4_2 1
| #define HAVE_AES 1
| #define HAVE_AVX 1
| #define HAVE_FMA3 1
| #define HAVE_AVX2 1
| #define HAVE_BUILTIN_ATOMIC_OPS 1
| #define STDC_HEADERS 1
| #define HAVE_SYS_TYPES_H 1
| #define HAVE_SYS_STAT_H 1
| #define HAVE_STDLIB_H 1
| #define HAVE_STRING_H 1
| #define HAVE_MEMORY_H 1
| #define HAVE_STRINGS_H 1
| #define HAVE_INTTYPES_H 1
| #define HAVE_STDINT_H 1
| #define HAVE_UNISTD_H 1
| #define SIZEOF_INT 4
| #define SIZEOF_LONG 8
| #define SIZEOF_FLOAT 4
| #define SIZEOF_DOUBLE 8
| #define HAVE__BOOL 1
| #define HAVE_STDBOOL_H 1
| /* end confdefs.h.  */
| #include <pthread.h>
| int
| main ()
| {
| pthread_t th; pthread_join(th, 0);
|                      pthread_attr_init(0); pthread_cleanup_push(0, 0);
|                      pthread_create(0,0,0,0); pthread_cleanup_pop(0);
|   ;
|   return 0;
| }
configure:7554: result: no
configure:7462: checking whether pthreads work with -kthread
configure:7545: gcc -o conftest -g -O2 -kthread   conftest.c   >&5
gcc: error: unrecognized command line option '-kthread'; did you mean '-pthread'?
configure:7545: $? = 1
configure: failed program was:
| /* confdefs.h */
| #define PACKAGE_NAME "diderot"
| #define PACKAGE_TARNAME "diderot"
| #define PACKAGE_VERSION "2.0"
| #define PACKAGE_STRING "diderot 2.0"
| #define PACKAGE_BUGREPORT ""
| #define PACKAGE_URL ""
| #define HAVE_CXX11 1
| #define HAVE_FUNC_ATTRIBUTE_NORETURN 1
| #define HAVE_RDRND 1
| #define HAVE_BMI1 1
| #define HAVE_BMI2 1
| #define HAVE_ADX 1
| #define HAVE_MPX 1
| #define HAVE_ABM 1
| #define HAVE_MMX 1
| #define HAVE_SSE 1
| #define HAVE_SSE2 1
| #define HAVE_SSE3 1
| #define HAVE_SSSE3 1
| #define HAVE_SSE4_1 1
| #define HAVE_SSE4_2 1
| #define HAVE_AES 1
| #define HAVE_AVX 1
| #define HAVE_FMA3 1
| #define HAVE_AVX2 1
| #define HAVE_BUILTIN_ATOMIC_OPS 1
| #define STDC_HEADERS 1
| #define HAVE_SYS_TYPES_H 1
| #define HAVE_SYS_STAT_H 1
| #define HAVE_STDLIB_H 1
| #define HAVE_STRING_H 1
| #define HAVE_MEMORY_H 1
| #define HAVE_STRINGS_H 1
| #define HAVE_INTTYPES_H 1
| #define HAVE_STDINT_H 1
| #define HAVE_UNISTD_H 1
| #define SIZEOF_INT 4
| #define SIZEOF_LONG 8
| #define SIZEOF_FLOAT 4
| #define SIZEOF_DOUBLE 8
| #define HAVE__BOOL 1
| #define HAVE_STDBOOL_H 1
| /* end confdefs.h.  */
| #include <pthread.h>
| int
| main ()
| {
| pthread_t th; pthread_join(th, 0);
|                      pthread_attr_init(0); pthread_cleanup_push(0, 0);
|                      pthread_create(0,0,0,0); pthread_cleanup_pop(0);
|   ;
|   return 0;
| }
configure:7554: result: no
configure:7512: checking for the pthreads library -llthread
configure:7545: gcc -o conftest -g -O2    conftest.c -llthread  >&5
conftest.c: In function 'main':
conftest.c:50:22: warning: null argument where non-null required (argument 1) [-Wnonnull]
                      pthread_attr_init(0); pthread_cleanup_push(0, 0);
                      ^~~~~~~~~~~~~~~~~
conftest.c:51:22: warning: null argument where non-null required (argument 1) [-Wnonnull]
                      pthread_create(0,0,0,0); pthread_cleanup_pop(0);
                      ^~~~~~~~~~~~~~
conftest.c:51:22: warning: null argument where non-null required (argument 3) [-Wnonnull]
/usr/bin/ld: cannot find -llthread
collect2: error: ld returned 1 exit status
configure:7545: $? = 1
configure: failed program was:
| /* confdefs.h */
| #define PACKAGE_NAME "diderot"
| #define PACKAGE_TARNAME "diderot"
| #define PACKAGE_VERSION "2.0"
| #define PACKAGE_STRING "diderot 2.0"
| #define PACKAGE_BUGREPORT ""
| #define PACKAGE_URL ""
| #define HAVE_CXX11 1
| #define HAVE_FUNC_ATTRIBUTE_NORETURN 1
| #define HAVE_RDRND 1
| #define HAVE_BMI1 1
| #define HAVE_BMI2 1
| #define HAVE_ADX 1
| #define HAVE_MPX 1
| #define HAVE_ABM 1
| #define HAVE_MMX 1
| #define HAVE_SSE 1
| #define HAVE_SSE2 1
| #define HAVE_SSE3 1
| #define HAVE_SSSE3 1
| #define HAVE_SSE4_1 1
| #define HAVE_SSE4_2 1
| #define HAVE_AES 1
| #define HAVE_AVX 1
| #define HAVE_FMA3 1
| #define HAVE_AVX2 1
| #define HAVE_BUILTIN_ATOMIC_OPS 1
| #define STDC_HEADERS 1
| #define HAVE_SYS_TYPES_H 1
| #define HAVE_SYS_STAT_H 1
| #define HAVE_STDLIB_H 1
| #define HAVE_STRING_H 1
| #define HAVE_MEMORY_H 1
| #define HAVE_STRINGS_H 1
| #define HAVE_INTTYPES_H 1
| #define HAVE_STDINT_H 1
| #define HAVE_UNISTD_H 1
| #define SIZEOF_INT 4
| #define SIZEOF_LONG 8
| #define SIZEOF_FLOAT 4
| #define SIZEOF_DOUBLE 8
| #define HAVE__BOOL 1
| #define HAVE_STDBOOL_H 1
| /* end confdefs.h.  */
| #include <pthread.h>
| int
| main ()
| {
| pthread_t th; pthread_join(th, 0);
|                      pthread_attr_init(0); pthread_cleanup_push(0, 0);
|                      pthread_create(0,0,0,0); pthread_cleanup_pop(0);
|   ;
|   return 0;
| }
configure:7554: result: no
configure:7462: checking whether pthreads work with -pthread
configure:7545: gcc -o conftest -g -O2 -pthread   conftest.c   >&5
conftest.c: In function 'main':
conftest.c:50:22: warning: null argument where non-null required (argument 1) [-Wnonnull]
                      pthread_attr_init(0); pthread_cleanup_push(0, 0);
                      ^~~~~~~~~~~~~~~~~
conftest.c:51:22: warning: null argument where non-null required (argument 1) [-Wnonnull]
                      pthread_create(0,0,0,0); pthread_cleanup_pop(0);
                      ^~~~~~~~~~~~~~
conftest.c:51:22: warning: null argument where non-null required (argument 3) [-Wnonnull]
configure:7545: $? = 0
configure:7554: result: yes
configure:7573: checking for joinable pthread attribute
configure:7588: gcc -o conftest -g -O2 -pthread   conftest.c   >&5
configure:7588: $? = 0
configure:7594: result: PTHREAD_CREATE_JOINABLE
configure:7604: checking if more special flags are required for pthreads
configure:7611: result: no
configure:7696: checking for posix_memalign
configure:7696: gcc -o conftest -g -O2   conftest.c  >&5
conftest.c:69:6: warning: conflicting types for built-in function 'posix_memalign' [-Wbuiltin-declaration-mismatch]
 char posix_memalign ();
      ^~~~~~~~~~~~~~
configure:7696: $? = 0
configure:7696: result: yes
configure:7734: checking for mach_absolute_time
configure:7734: gcc -o conftest -g -O2   conftest.c  >&5
/tmp/ccLcEtCq.o: In function `main':
/home/teocollin/gitcode/diderot/conftest.c:81: undefined reference to `mach_absolute_time'
collect2: error: ld returned 1 exit status
configure:7734: $? = 1
configure: failed program was:
| /* confdefs.h */
| #define PACKAGE_NAME "diderot"
| #define PACKAGE_TARNAME "diderot"
| #define PACKAGE_VERSION "2.0"
| #define PACKAGE_STRING "diderot 2.0"
| #define PACKAGE_BUGREPORT ""
| #define PACKAGE_URL ""
| #define HAVE_CXX11 1
| #define HAVE_FUNC_ATTRIBUTE_NORETURN 1
| #define HAVE_RDRND 1
| #define HAVE_BMI1 1
| #define HAVE_BMI2 1
| #define HAVE_ADX 1
| #define HAVE_MPX 1
| #define HAVE_ABM 1
| #define HAVE_MMX 1
| #define HAVE_SSE 1
| #define HAVE_SSE2 1
| #define HAVE_SSE3 1
| #define HAVE_SSSE3 1
| #define HAVE_SSE4_1 1
| #define HAVE_SSE4_2 1
| #define HAVE_AES 1
| #define HAVE_AVX 1
| #define HAVE_FMA3 1
| #define HAVE_AVX2 1
| #define HAVE_BUILTIN_ATOMIC_OPS 1
| #define STDC_HEADERS 1
| #define HAVE_SYS_TYPES_H 1
| #define HAVE_SYS_STAT_H 1
| #define HAVE_STDLIB_H 1
| #define HAVE_STRING_H 1
| #define HAVE_MEMORY_H 1
| #define HAVE_STRINGS_H 1
| #define HAVE_INTTYPES_H 1
| #define HAVE_STDINT_H 1
| #define HAVE_UNISTD_H 1
| #define SIZEOF_INT 4
| #define SIZEOF_LONG 8
| #define SIZEOF_FLOAT 4
| #define SIZEOF_DOUBLE 8
| #define HAVE__BOOL 1
| #define HAVE_STDBOOL_H 1
| #define HAVE_PTHREAD 1
| #define HAVE_POSIX_MEMALIGN 1
| /* end confdefs.h.  */
| /* Define mach_absolute_time to an innocuous variant, in case <limits.h> declares mach_absolute_time.
|    For example, HP-UX 11i <limits.h> declares gettimeofday.  */
| #define mach_absolute_time innocuous_mach_absolute_time
| 
| /* System header to define __stub macros and hopefully few prototypes,
|     which can conflict with char mach_absolute_time (); below.
|     Prefer <limits.h> to <assert.h> if __STDC__ is defined, since
|     <limits.h> exists even on freestanding compilers.  */
| 
| #ifdef __STDC__
| # include <limits.h>
| #else
| # include <assert.h>
| #endif
| 
| #undef mach_absolute_time
| 
| /* Override any GCC internal prototype to avoid an error.
|    Use char because int might match the return type of a GCC
|    builtin and then its argument prototype would still apply.  */
| #ifdef __cplusplus
| extern "C"
| #endif
| char mach_absolute_time ();
| /* The GNU C library defines this for functions which it implements
|     to always fail with ENOSYS.  Some functions are actually named
|     something starting with __ and the normal name is an alias.  */
| #if defined __stub_mach_absolute_time || defined __stub___mach_absolute_time
| choke me
| #endif
| 
| int
| main ()
| {
| return mach_absolute_time ();
|   ;
|   return 0;
| }
configure:7734: result: no
configure:7743: checking for struct timespec
configure:7743: gcc -c -g -O2  conftest.c >&5
configure:7743: $? = 0
configure:7743: gcc -c -g -O2  conftest.c >&5
conftest.c: In function 'main':
conftest.c:83:30: error: expected expression before ')' token
 if (sizeof ((struct timespec)))
                              ^
configure:7743: $? = 1
configure: failed program was:
| /* confdefs.h */
| #define PACKAGE_NAME "diderot"
| #define PACKAGE_TARNAME "diderot"
| #define PACKAGE_VERSION "2.0"
| #define PACKAGE_STRING "diderot 2.0"
| #define PACKAGE_BUGREPORT ""
| #define PACKAGE_URL ""
| #define HAVE_CXX11 1
| #define HAVE_FUNC_ATTRIBUTE_NORETURN 1
| #define HAVE_RDRND 1
| #define HAVE_BMI1 1
| #define HAVE_BMI2 1
| #define HAVE_ADX 1
| #define HAVE_MPX 1
| #define HAVE_ABM 1
| #define HAVE_MMX 1
| #define HAVE_SSE 1
| #define HAVE_SSE2 1
| #define HAVE_SSE3 1
| #define HAVE_SSSE3 1
| #define HAVE_SSE4_1 1
| #define HAVE_SSE4_2 1
| #define HAVE_AES 1
| #define HAVE_AVX 1
| #define HAVE_FMA3 1
| #define HAVE_AVX2 1
| #define HAVE_BUILTIN_ATOMIC_OPS 1
| #define STDC_HEADERS 1
| #define HAVE_SYS_TYPES_H 1
| #define HAVE_SYS_STAT_H 1
| #define HAVE_STDLIB_H 1
| #define HAVE_STRING_H 1
| #define HAVE_MEMORY_H 1
| #define HAVE_STRINGS_H 1
| #define HAVE_INTTYPES_H 1
| #define HAVE_STDINT_H 1
| #define HAVE_UNISTD_H 1
| #define SIZEOF_INT 4
| #define SIZEOF_LONG 8
| #define SIZEOF_FLOAT 4
| #define SIZEOF_DOUBLE 8
| #define HAVE__BOOL 1
| #define HAVE_STDBOOL_H 1
| #define HAVE_PTHREAD 1
| #define HAVE_POSIX_MEMALIGN 1
| /* end confdefs.h.  */
| #include <stdio.h>
| #ifdef HAVE_SYS_TYPES_H
| # include <sys/types.h>
| #endif
| #ifdef HAVE_SYS_STAT_H
| # include <sys/stat.h>
| #endif
| #ifdef STDC_HEADERS
| # include <stdlib.h>
| # include <stddef.h>
| #else
| # ifdef HAVE_STDLIB_H
| #  include <stdlib.h>
| # endif
| #endif
| #ifdef HAVE_STRING_H
| # if !defined STDC_HEADERS && defined HAVE_MEMORY_H
| #  include <memory.h>
| # endif
| # include <string.h>
| #endif
| #ifdef HAVE_STRINGS_H
| # include <strings.h>
| #endif
| #ifdef HAVE_INTTYPES_H
| # include <inttypes.h>
| #endif
| #ifdef HAVE_STDINT_H
| # include <stdint.h>
| #endif
| #ifdef HAVE_UNISTD_H
| # include <unistd.h>
| #endif
| int
| main ()
| {
| if (sizeof ((struct timespec)))
| 	    return 0;
|   ;
|   return 0;
| }
configure:7743: result: yes
configure:7755: checking for pthread_barrier_init
configure:7755: gcc -o conftest -g -O2   conftest.c  >&5
/tmp/ccv28OXw.o: In function `main':
/home/teocollin/gitcode/diderot/conftest.c:82: undefined reference to `pthread_barrier_init'
collect2: error: ld returned 1 exit status
configure:7755: $? = 1
configure: failed program was:
| /* confdefs.h */
| #define PACKAGE_NAME "diderot"
| #define PACKAGE_TARNAME "diderot"
| #define PACKAGE_VERSION "2.0"
| #define PACKAGE_STRING "diderot 2.0"
| #define PACKAGE_BUGREPORT ""
| #define PACKAGE_URL ""
| #define HAVE_CXX11 1
| #define HAVE_FUNC_ATTRIBUTE_NORETURN 1
| #define HAVE_RDRND 1
| #define HAVE_BMI1 1
| #define HAVE_BMI2 1
| #define HAVE_ADX 1
| #define HAVE_MPX 1
| #define HAVE_ABM 1
| #define HAVE_MMX 1
| #define HAVE_SSE 1
| #define HAVE_SSE2 1
| #define HAVE_SSE3 1
| #define HAVE_SSSE3 1
| #define HAVE_SSE4_1 1
| #define HAVE_SSE4_2 1
| #define HAVE_AES 1
| #define HAVE_AVX 1
| #define HAVE_FMA3 1
| #define HAVE_AVX2 1
| #define HAVE_BUILTIN_ATOMIC_OPS 1
| #define STDC_HEADERS 1
| #define HAVE_SYS_TYPES_H 1
| #define HAVE_SYS_STAT_H 1
| #define HAVE_STDLIB_H 1
| #define HAVE_STRING_H 1
| #define HAVE_MEMORY_H 1
| #define HAVE_STRINGS_H 1
| #define HAVE_INTTYPES_H 1
| #define HAVE_STDINT_H 1
| #define HAVE_UNISTD_H 1
| #define SIZEOF_INT 4
| #define SIZEOF_LONG 8
| #define SIZEOF_FLOAT 4
| #define SIZEOF_DOUBLE 8
| #define HAVE__BOOL 1
| #define HAVE_STDBOOL_H 1
| #define HAVE_PTHREAD 1
| #define HAVE_POSIX_MEMALIGN 1
| #define HAVE_STRUCT_TIMESPEC 1
| /* end confdefs.h.  */
| /* Define pthread_barrier_init to an innocuous variant, in case <limits.h> declares pthread_barrier_init.
|    For example, HP-UX 11i <limits.h> declares gettimeofday.  */
| #define pthread_barrier_init innocuous_pthread_barrier_init
| 
| /* System header to define __stub macros and hopefully few prototypes,
|     which can conflict with char pthread_barrier_init (); below.
|     Prefer <limits.h> to <assert.h> if __STDC__ is defined, since
|     <limits.h> exists even on freestanding compilers.  */
| 
| #ifdef __STDC__
| # include <limits.h>
| #else
| # include <assert.h>
| #endif
| 
| #undef pthread_barrier_init
| 
| /* Override any GCC internal prototype to avoid an error.
|    Use char because int might match the return type of a GCC
|    builtin and then its argument prototype would still apply.  */
| #ifdef __cplusplus
| extern "C"
| #endif
| char pthread_barrier_init ();
| /* The GNU C library defines this for functions which it implements
|     to always fail with ENOSYS.  Some functions are actually named
|     something starting with __ and the normal name is an alias.  */
| #if defined __stub_pthread_barrier_init || defined __stub___pthread_barrier_init
| choke me
| #endif
| 
| int
| main ()
| {
| return pthread_barrier_init ();
|   ;
|   return 0;
| }
configure:7755: result: no
configure:7767: checking for clock_gettime
configure:7780: gcc -o conftest -g -O2   conftest.c -lrt  >&5
configure:7780: $? = 0
configure:7790: result: yes
configure:7798: checking for pthread_getcpuclockid
configure:7798: gcc -o conftest -g -O2   conftest.c -lrt  >&5
/tmp/ccY8m0Ct.o: In function `main':
/home/teocollin/gitcode/diderot/conftest.c:83: undefined reference to `pthread_getcpuclockid'
collect2: error: ld returned 1 exit status
configure:7798: $? = 1
configure: failed program was:
| /* confdefs.h */
| #define PACKAGE_NAME "diderot"
| #define PACKAGE_TARNAME "diderot"
| #define PACKAGE_VERSION "2.0"
| #define PACKAGE_STRING "diderot 2.0"
| #define PACKAGE_BUGREPORT ""
| #define PACKAGE_URL ""
| #define HAVE_CXX11 1
| #define HAVE_FUNC_ATTRIBUTE_NORETURN 1
| #define HAVE_RDRND 1
| #define HAVE_BMI1 1
| #define HAVE_BMI2 1
| #define HAVE_ADX 1
| #define HAVE_MPX 1
| #define HAVE_ABM 1
| #define HAVE_MMX 1
| #define HAVE_SSE 1
| #define HAVE_SSE2 1
| #define HAVE_SSE3 1
| #define HAVE_SSSE3 1
| #define HAVE_SSE4_1 1
| #define HAVE_SSE4_2 1
| #define HAVE_AES 1
| #define HAVE_AVX 1
| #define HAVE_FMA3 1
| #define HAVE_AVX2 1
| #define HAVE_BUILTIN_ATOMIC_OPS 1
| #define STDC_HEADERS 1
| #define HAVE_SYS_TYPES_H 1
| #define HAVE_SYS_STAT_H 1
| #define HAVE_STDLIB_H 1
| #define HAVE_STRING_H 1
| #define HAVE_MEMORY_H 1
| #define HAVE_STRINGS_H 1
| #define HAVE_INTTYPES_H 1
| #define HAVE_STDINT_H 1
| #define HAVE_UNISTD_H 1
| #define SIZEOF_INT 4
| #define SIZEOF_LONG 8
| #define SIZEOF_FLOAT 4
| #define SIZEOF_DOUBLE 8
| #define HAVE__BOOL 1
| #define HAVE_STDBOOL_H 1
| #define HAVE_PTHREAD 1
| #define HAVE_POSIX_MEMALIGN 1
| #define HAVE_STRUCT_TIMESPEC 1
| #define HAVE_CLOCK_GETTIME 1
| /* end confdefs.h.  */
| /* Define pthread_getcpuclockid to an innocuous variant, in case <limits.h> declares pthread_getcpuclockid.
|    For example, HP-UX 11i <limits.h> declares gettimeofday.  */
| #define pthread_getcpuclockid innocuous_pthread_getcpuclockid
| 
| /* System header to define __stub macros and hopefully few prototypes,
|     which can conflict with char pthread_getcpuclockid (); below.
|     Prefer <limits.h> to <assert.h> if __STDC__ is defined, since
|     <limits.h> exists even on freestanding compilers.  */
| 
| #ifdef __STDC__
| # include <limits.h>
| #else
| # include <assert.h>
| #endif
| 
| #undef pthread_getcpuclockid
| 
| /* Override any GCC internal prototype to avoid an error.
|    Use char because int might match the return type of a GCC
|    builtin and then its argument prototype would still apply.  */
| #ifdef __cplusplus
| extern "C"
| #endif
| char pthread_getcpuclockid ();
| /* The GNU C library defines this for functions which it implements
|     to always fail with ENOSYS.  Some functions are actually named
|     something starting with __ and the normal name is an alias.  */
| #if defined __stub_pthread_getcpuclockid || defined __stub___pthread_getcpuclockid
| choke me
| #endif
| 
| int
| main ()
| {
| return pthread_getcpuclockid ();
|   ;
|   return 0;
| }
configure:7798: result: no
configure:7810: checking for sigtimedwait
configure:7810: gcc -o conftest -g -O2   conftest.c -lrt  >&5
configure:7810: $? = 0
configure:7810: result: yes
configure:7810: checking for nanosleep
configure:7810: gcc -o conftest -g -O2   conftest.c -lrt  >&5
configure:7810: $? = 0
configure:7810: result: yes
configure:7824: checking for pthread_setaffinity_np
configure:7837: gcc -o conftest -pthread -g -O2   conftest.c  -lrt  >&5
conftest.c: In function 'main':
conftest.c:55:14: warning: implicit declaration of function 'pthread_setaffinity_np'; did you mean 'pthread_spin_init'? [-Wimplicit-function-declaration]
 cpu_set_t s; pthread_setaffinity_np(pthread_self(), sizeof(s), &s);
              ^~~~~~~~~~~~~~~~~~~~~~
              pthread_spin_init
configure:7837: $? = 0
configure:7847: result: yes
configure:7852: checking for numa_available in -lnuma
configure:7877: gcc -o conftest -g -O2   conftest.c -lnuma  -lrt  >&5
configure:7877: $? = 0
configure:7886: result: yes
configure:7901: checking for /proc/cpuinfo
configure:7914: result: yes
configure:7928: checking linux/getcpu.h usability
configure:7928: gcc -c -g -O2  conftest.c >&5
conftest.c:87:10: fatal error: linux/getcpu.h: No such file or directory
 #include <linux/getcpu.h>
          ^~~~~~~~~~~~~~~~
compilation terminated.
configure:7928: $? = 1
configure: failed program was:
| /* confdefs.h */
| #define PACKAGE_NAME "diderot"
| #define PACKAGE_TARNAME "diderot"
| #define PACKAGE_VERSION "2.0"
| #define PACKAGE_STRING "diderot 2.0"
| #define PACKAGE_BUGREPORT ""
| #define PACKAGE_URL ""
| #define HAVE_CXX11 1
| #define HAVE_FUNC_ATTRIBUTE_NORETURN 1
| #define HAVE_RDRND 1
| #define HAVE_BMI1 1
| #define HAVE_BMI2 1
| #define HAVE_ADX 1
| #define HAVE_MPX 1
| #define HAVE_ABM 1
| #define HAVE_MMX 1
| #define HAVE_SSE 1
| #define HAVE_SSE2 1
| #define HAVE_SSE3 1
| #define HAVE_SSSE3 1
| #define HAVE_SSE4_1 1
| #define HAVE_SSE4_2 1
| #define HAVE_AES 1
| #define HAVE_AVX 1
| #define HAVE_FMA3 1
| #define HAVE_AVX2 1
| #define HAVE_BUILTIN_ATOMIC_OPS 1
| #define STDC_HEADERS 1
| #define HAVE_SYS_TYPES_H 1
| #define HAVE_SYS_STAT_H 1
| #define HAVE_STDLIB_H 1
| #define HAVE_STRING_H 1
| #define HAVE_MEMORY_H 1
| #define HAVE_STRINGS_H 1
| #define HAVE_INTTYPES_H 1
| #define HAVE_STDINT_H 1
| #define HAVE_UNISTD_H 1
| #define SIZEOF_INT 4
| #define SIZEOF_LONG 8
| #define SIZEOF_FLOAT 4
| #define SIZEOF_DOUBLE 8
| #define HAVE__BOOL 1
| #define HAVE_STDBOOL_H 1
| #define HAVE_PTHREAD 1
| #define HAVE_POSIX_MEMALIGN 1
| #define HAVE_STRUCT_TIMESPEC 1
| #define HAVE_CLOCK_GETTIME 1
| #define HAVE_SIGTIMEDWAIT 1
| #define HAVE_NANOSLEEP 1
| #define HAVE_PTHREAD_SETAFFINITY_NP 1
| #define HAVE_LIBNUMA 1
| #define HAVE__PROC_CPUINFO 1
| /* end confdefs.h.  */
| #include <stdio.h>
| #ifdef HAVE_SYS_TYPES_H
| # include <sys/types.h>
| #endif
| #ifdef HAVE_SYS_STAT_H
| # include <sys/stat.h>
| #endif
| #ifdef STDC_HEADERS
| # include <stdlib.h>
| # include <stddef.h>
| #else
| # ifdef HAVE_STDLIB_H
| #  include <stdlib.h>
| # endif
| #endif
| #ifdef HAVE_STRING_H
| # if !defined STDC_HEADERS && defined HAVE_MEMORY_H
| #  include <memory.h>
| # endif
| # include <string.h>
| #endif
| #ifdef HAVE_STRINGS_H
| # include <strings.h>
| #endif
| #ifdef HAVE_INTTYPES_H
| # include <inttypes.h>
| #endif
| #ifdef HAVE_STDINT_H
| # include <stdint.h>
| #endif
| #ifdef HAVE_UNISTD_H
| # include <unistd.h>
| #endif
| #include <linux/getcpu.h>
configure:7928: result: no
configure:7928: checking linux/getcpu.h presence
configure:7928: gcc -E  conftest.c
conftest.c:54:10: fatal error: linux/getcpu.h: No such file or directory
 #include <linux/getcpu.h>
          ^~~~~~~~~~~~~~~~
compilation terminated.
configure:7928: $? = 1
configure: failed program was:
| /* confdefs.h */
| #define PACKAGE_NAME "diderot"
| #define PACKAGE_TARNAME "diderot"
| #define PACKAGE_VERSION "2.0"
| #define PACKAGE_STRING "diderot 2.0"
| #define PACKAGE_BUGREPORT ""
| #define PACKAGE_URL ""
| #define HAVE_CXX11 1
| #define HAVE_FUNC_ATTRIBUTE_NORETURN 1
| #define HAVE_RDRND 1
| #define HAVE_BMI1 1
| #define HAVE_BMI2 1
| #define HAVE_ADX 1
| #define HAVE_MPX 1
| #define HAVE_ABM 1
| #define HAVE_MMX 1
| #define HAVE_SSE 1
| #define HAVE_SSE2 1
| #define HAVE_SSE3 1
| #define HAVE_SSSE3 1
| #define HAVE_SSE4_1 1
| #define HAVE_SSE4_2 1
| #define HAVE_AES 1
| #define HAVE_AVX 1
| #define HAVE_FMA3 1
| #define HAVE_AVX2 1
| #define HAVE_BUILTIN_ATOMIC_OPS 1
| #define STDC_HEADERS 1
| #define HAVE_SYS_TYPES_H 1
| #define HAVE_SYS_STAT_H 1
| #define HAVE_STDLIB_H 1
| #define HAVE_STRING_H 1
| #define HAVE_MEMORY_H 1
| #define HAVE_STRINGS_H 1
| #define HAVE_INTTYPES_H 1
| #define HAVE_STDINT_H 1
| #define HAVE_UNISTD_H 1
| #define SIZEOF_INT 4
| #define SIZEOF_LONG 8
| #define SIZEOF_FLOAT 4
| #define SIZEOF_DOUBLE 8
| #define HAVE__BOOL 1
| #define HAVE_STDBOOL_H 1
| #define HAVE_PTHREAD 1
| #define HAVE_POSIX_MEMALIGN 1
| #define HAVE_STRUCT_TIMESPEC 1
| #define HAVE_CLOCK_GETTIME 1
| #define HAVE_SIGTIMEDWAIT 1
| #define HAVE_NANOSLEEP 1
| #define HAVE_PTHREAD_SETAFFINITY_NP 1
| #define HAVE_LIBNUMA 1
| #define HAVE__PROC_CPUINFO 1
| /* end confdefs.h.  */
| #include <linux/getcpu.h>
configure:7928: result: no
configure:7928: checking for linux/getcpu.h
configure:7928: result: no
configure:7954: checking SYS_getcpu
configure:7974: gcc -o conftest -g -O2   conftest.c -lnuma -lrt  >&5
configure:7974: $? = 0
configure:7974: ./conftest
configure:7974: $? = 0
configure:7981: result: yes
configure:8007: checking for ld
configure:8025: found /usr/bin/ld
configure:8038: result: /usr/bin/ld
configure:8661: checking path to teem (/home/teocollin/installs/teem/teem-build)
configure:8671: result: yes
configure:8693: checking for nrrdMetaDataNormalize
configure:8693: gcc -o conftest -g -O2   -L/home/teocollin/installs/teem/teem-build/lib conftest.c -lnuma -lrt  -lteem -lm >&5
configure:8693: $? = 0
configure:8693: result: yes
configure:8851: checking version of SML/NJ
configure:8877: result: 110.84
configure:8943: checking for ml-makedepend
configure:8961: found /home/teocollin/installs/smlnj/bin/ml-makedepend
configure:8974: result: /home/teocollin/installs/smlnj/bin/ml-makedepend
configure:8987: checking for ml-build
configure:9005: found /home/teocollin/installs/smlnj/bin/ml-build
configure:9018: result: /home/teocollin/installs/smlnj/bin/ml-build
configure:9063: checking for doxygen
configure:9094: result: none
configure:9122: checking for asciidoctor
configure:9155: result: no
configure:9453: creating ./config.status

## ---------------------- ##
## Running config.status. ##
## ---------------------- ##

This file was extended by diderot config.status 2.0, which was
generated by GNU Autoconf 2.69.  Invocation command line was

  CONFIG_FILES    = 
  CONFIG_HEADERS  = 
  CONFIG_LINKS    = 
  CONFIG_COMMANDS = 
  $ ./config.status 

on Ananiah

config.status:935: creating Makefile
config.status:935: creating doc/src/man/Makefile
config.status:935: creating src/compiler/Makefile
config.status:935: creating src/lib/build/Makefile
config.status:935: creating src/lib/build/mk/build.gmk
config.status:935: creating src/compiler/nrrd/run-dnorm.sml
config.status:935: creating src/compiler/common/paths.sml
config.status:935: creating src/compiler/common/size-of.sml
config.status:935: creating src/compiler/options/version.sml
config.status:935: creating bin/install-sml-wrapper.sh
config.status:935: creating src/compiler/gen/fragments/mkfrags.sh
config.status:935: creating src/compiler/gen/fragments/mkmk.sh
config.status:935: creating src/lib/build/rt-seq/Makefile
config.status:935: creating src/lib/build/rt-seq-debug/Makefile
config.status:935: creating src/lib/build/rt-par/Makefile
config.status:935: creating src/lib/build/rt-par-debug/Makefile
config.status:935: creating src/lib/include/diderot/config.h

## ---------------- ##
## Cache variables. ##
## ---------------- ##

ac_cv_build=x86_64-pc-linux-gnu
ac_cv_c_bigendian=no
ac_cv_c_compiler_gnu=yes
ac_cv_cxx_compiler_gnu=yes
ac_cv_env_CCC_set=
ac_cv_env_CCC_value=
ac_cv_env_CC_set=
ac_cv_env_CC_value=
ac_cv_env_CFLAGS_set=
ac_cv_env_CFLAGS_value=
ac_cv_env_CPPFLAGS_set=
ac_cv_env_CPPFLAGS_value=
ac_cv_env_CPP_set=
ac_cv_env_CPP_value=
ac_cv_env_CXXFLAGS_set=
ac_cv_env_CXXFLAGS_value=
ac_cv_env_CXX_set=
ac_cv_env_CXX_value=
ac_cv_env_LDFLAGS_set=
ac_cv_env_LDFLAGS_value=
ac_cv_env_LIBS_set=
ac_cv_env_LIBS_value=
ac_cv_env_build_alias_set=
ac_cv_env_build_alias_value=
ac_cv_env_host_alias_set=
ac_cv_env_host_alias_value=
ac_cv_env_target_alias_set=
ac_cv_env_target_alias_value=
ac_cv_file__proc_cpuinfo=yes
ac_cv_func_clock_gettime=yes
ac_cv_func_mach_absolute_time=no
ac_cv_func_nanosleep=yes
ac_cv_func_nrrdMetaDataNormalize=yes
ac_cv_func_posix_memalign=yes
ac_cv_func_pthread_barrier_init=no
ac_cv_func_pthread_getcpuclockid=no
ac_cv_func_pthread_setaffinity_np=yes
ac_cv_func_sigtimedwait=yes
ac_cv_header_inttypes_h=yes
ac_cv_header_linux_getcpu_h=no
ac_cv_header_memory_h=yes
ac_cv_header_stdbool_h=yes
ac_cv_header_stdc=yes
ac_cv_header_stdint_h=yes
ac_cv_header_stdlib_h=yes
ac_cv_header_string_h=yes
ac_cv_header_strings_h=yes
ac_cv_header_sys_stat_h=yes
ac_cv_header_sys_types_h=yes
ac_cv_header_unistd_h=yes
ac_cv_host=x86_64-pc-linux-gnu
ac_cv_lib_numa_numa_available=yes
ac_cv_objext=o
ac_cv_path_DOXYGEN=none
ac_cv_path_EGREP='/bin/grep -E'
ac_cv_path_GREP=/bin/grep
ac_cv_path_LD=/usr/bin/ld
ac_cv_path_ML_BUILD=/home/teocollin/installs/smlnj/bin/ml-build
ac_cv_path_ML_MAKEDEPEND=/home/teocollin/installs/smlnj/bin/ml-makedepend
ac_cv_path_install='/usr/bin/install -c'
ac_cv_prog_CPP='gcc -E'
ac_cv_prog_ac_ct_CC=gcc
ac_cv_prog_ac_ct_CXX=clang++
ac_cv_prog_cc_c89=
ac_cv_prog_cc_g=yes
ac_cv_prog_cxx_g=yes
ac_cv_prog_make_make_set=yes
ac_cv_sizeof_double=8
ac_cv_sizeof_float=4
ac_cv_sizeof_int=4
ac_cv_sizeof_long=8
ac_cv_type__Bool=yes
ac_cv_type_struct_timespec=yes
ac_cv_use_teem=/home/teocollin/installs/teem/teem-build
ax_cv_check_cflags___mabm=yes
ax_cv_check_cflags___madx=yes
ax_cv_check_cflags___maes=yes
ax_cv_check_cflags___mavx2=yes
ax_cv_check_cflags___mavx=yes
ax_cv_check_cflags___mbmi2=yes
ax_cv_check_cflags___mbmi=yes
ax_cv_check_cflags___mfma=yes
ax_cv_check_cflags___mmmx=yes
ax_cv_check_cflags___mmpx=yes
ax_cv_check_cflags___mrdrnd=yes
ax_cv_check_cflags___msse2=yes
ax_cv_check_cflags___msse3=yes
ax_cv_check_cflags___msse4_1=yes
ax_cv_check_cflags___msse4_2=yes
ax_cv_check_cflags___msse=yes
ax_cv_check_cflags___mssse3=yes
ax_cv_cxx_compile_cxx11=yes
ax_cv_gcc_x86_avx_xgetbv_0x00000000=1f:0
ax_cv_gcc_x86_avx_xgetbv_=unknown
ax_cv_gcc_x86_cpuid_0x00000000=16:756e6547:6c65746e:49656e69
ax_cv_gcc_x86_cpuid_0x00000001=806ea:4100800:7ffafbff:bfebfbff
ax_cv_gcc_x86_cpuid_0x00000007=0:29c6fbf:0:9c000000
ax_cv_gcc_x86_cpuid_0x80000000=80000008:0:0:0
ax_cv_gcc_x86_cpuid_0x80000001=0:0:121:2c100800
ax_cv_gcc_x86_cpuid_=unknown
ax_cv_have_abm_cpu_ext=yes
ax_cv_have_abm_ext=yes
ax_cv_have_adx_cpu_ext=yes
ax_cv_have_adx_ext=yes
ax_cv_have_aes_cpu_ext=yes
ax_cv_have_aes_ext=yes
ax_cv_have_avx2_cpu_ext=yes
ax_cv_have_avx2_ext=yes
ax_cv_have_avx512_os_support_ext=no
ax_cv_have_avx512bw_cpu_ext=no
ax_cv_have_avx512bw_ext=no
ax_cv_have_avx512cd_cpu_ext=no
ax_cv_have_avx512cd_ext=no
ax_cv_have_avx512dq_cpu_ext=no
ax_cv_have_avx512dq_ext=no
ax_cv_have_avx512er_cpu_ext=no
ax_cv_have_avx512er_ext=no
ax_cv_have_avx512f_cpu_ext=no
ax_cv_have_avx512f_ext=no
ax_cv_have_avx512ifma_cpu_ext=no
ax_cv_have_avx512ifma_ext=no
ax_cv_have_avx512pf_cpu_ext=no
ax_cv_have_avx512pf_ext=no
ax_cv_have_avx512vbmi_cpu_ext=no
ax_cv_have_avx512vbmi_ext=no
ax_cv_have_avx512vl_cpu_ext=no
ax_cv_have_avx512vl_ext=no
ax_cv_have_avx_cpu_ext=yes
ax_cv_have_avx_ext=yes
ax_cv_have_avx_os_support_ext=yes
ax_cv_have_bmi1_cpu_ext=yes
ax_cv_have_bmi1_ext=yes
ax_cv_have_bmi2_cpu_ext=yes
ax_cv_have_bmi2_ext=yes
ax_cv_have_fma3_cpu_ext=yes
ax_cv_have_fma3_ext=yes
ax_cv_have_fma4_cpu_ext=no
ax_cv_have_fma4_ext=no
ax_cv_have_func_attribute_noreturn=yes
ax_cv_have_mmx_cpu_ext=yes
ax_cv_have_mmx_ext=yes
ax_cv_have_mmx_os_support_ext=yes
ax_cv_have_mpx_cpu_ext=yes
ax_cv_have_mpx_ext=yes
ax_cv_have_none_os_support_ext=yes
ax_cv_have_prefetchwt1_cpu_ext=no
ax_cv_have_prefetchwt1_ext=no
ax_cv_have_rdrnd_cpu_ext=yes
ax_cv_have_rdrnd_ext=yes
ax_cv_have_sha_cpu_ext=no
ax_cv_have_sha_ext=no
ax_cv_have_sse2_cpu_ext=yes
ax_cv_have_sse2_ext=yes
ax_cv_have_sse3_cpu_ext=yes
ax_cv_have_sse3_ext=yes
ax_cv_have_sse41_cpu_ext=yes
ax_cv_have_sse41_ext=yes
ax_cv_have_sse42_cpu_ext=yes
ax_cv_have_sse42_ext=yes
ax_cv_have_sse4a_cpu_ext=no
ax_cv_have_sse4a_ext=no
ax_cv_have_sse_cpu_ext=yes
ax_cv_have_sse_ext=yes
ax_cv_have_sse_os_support_ext=yes
ax_cv_have_ssse3_cpu_ext=yes
ax_cv_have_ssse3_ext=yes
ax_cv_have_xop_cpu_ext=no
ax_cv_have_xop_ext=no
ax_cv_support_abm_ext=yes
ax_cv_support_adx_ext=yes
ax_cv_support_aes_ext=yes
ax_cv_support_avx2_ext=yes
ax_cv_support_avx512bw_ext=no
ax_cv_support_avx512cd_ext=no
ax_cv_support_avx512dq_ext=no
ax_cv_support_avx512er_ext=no
ax_cv_support_avx512f_ext=no
ax_cv_support_avx512ifma_ext=no
ax_cv_support_avx512pf_ext=no
ax_cv_support_avx512vbmi_ext=no
ax_cv_support_avx512vl_ext=no
ax_cv_support_avx_ext=yes
ax_cv_support_bmi1_ext=yes
ax_cv_support_bmi2_ext=yes
ax_cv_support_fma3_ext=yes
ax_cv_support_fma4_ext=no
ax_cv_support_mmx_ext=yes
ax_cv_support_mpx_ext=yes
ax_cv_support_prefetchwt1_ext=no
ax_cv_support_rdrnd_ext=yes
ax_cv_support_sha_ext=no
ax_cv_support_sse2_ext=yes
ax_cv_support_sse3_ext=yes
ax_cv_support_sse41_ext=yes
ax_cv_support_sse42_ext=yes
ax_cv_support_sse4a_ext=no
ax_cv_support_sse_ext=yes
ax_cv_support_ssse3_ext=yes
ax_cv_support_xop_ext=no

## ----------------- ##
## Output variables. ##
## ----------------- ##

ASCIIDOCTOR='none'
BOOLTY='bool'
BRANCH='master'
CC='gcc'
CFLAGS='-g -O2'
CL_ENABLED='false'
CL_VERSION='0'
CPP='gcc -E'
CPPFLAGS=''
CPPFLAGS_CL=''
CPUEXT_FLAGS=' -mrdrnd -mbmi -mbmi2 -madx -mmpx -mabm'
CUDA_ENABLED='false'
CXX='clang++'
CXXFLAGS='-m64 -Wreturn-type -Wuninitialized'
CXXFLAGS_BASE='-Wreturn-type -Wuninitialized'
CXXFLAG_Mxx='-m64'
CXXFLAG_fPIC='-fPIC'
DEBUGGER_ENABLED='false'
DEFS='-DHAVE_CONFIG_H'
DIDEROT_BINDIR='/home/teocollin/gitcode/diderot/bin'
DIDEROT_DOCDIR='/home/teocollin/gitcode/diderot/doc'
DIDEROT_LIBDIR='/home/teocollin/gitcode/diderot/lib'
DIDEROT_MKDIR='/home/teocollin/gitcode/diderot/mk'
DIDEROT_ROOT='/home/teocollin/gitcode/diderot'
DIDEROT_SRCDIR='/home/teocollin/gitcode/diderot/src'
DOXYGEN='none'
DSLEXT='so'
ECHO_C=''
ECHO_N='-n'
ECHO_T=''
EGREP='/bin/grep -E'
EXEEXT=''
GREP='/bin/grep'
HAVE_CXX11='1'
HEAP_IMAGE_DIR='/home/teocollin/gitcode/diderot/bin/.heap'
INSTALL_DATA='${INSTALL} -m 644'
INSTALL_PROGRAM='${INSTALL}'
INSTALL_SCRIPT='${INSTALL}'
INSTALL_SMLNJ_WRAPPER='/home/teocollin/gitcode/diderot/bin/install-sml-wrapper.sh'
LD='/usr/bin/ld'
LDFLAGS=''
LDFLAG_LIBM='-lm'
LDPATHS=''
LD_DYNAMIC='clang++ -shared'
LD_NEEDS_RPATH='true'
LD_STATIC='/usr/bin/ld'
LIBOBJS=''
LIBS='-lnuma -lrt '
LIBS_CL=''
LOGGING_ENABLED='false'
LTLIBOBJS=''
MLTON=''
ML_BUILD='/home/teocollin/installs/smlnj/bin/ml-build'
ML_MAKEDEPEND='/home/teocollin/installs/smlnj/bin/ml-makedepend'
NVCC=':'
OBJEXT='o'
PACKAGE_BUGREPORT=''
PACKAGE_NAME='diderot'
PACKAGE_STRING='diderot 2.0'
PACKAGE_TARNAME='diderot'
PACKAGE_URL=''
PACKAGE_VERSION='2.0'
PATH_SEPARATOR=':'
PTHREAD_CC='gcc'
PTHREAD_CFLAGS='-pthread'
PTHREAD_LIBS=' -lnuma'
SET_MAKE=''
SHELL='/bin/bash'
SIMD_FLAGS=' -mmmx -msse -msse2 -msse3 -mssse3 -msse4.1 -msse4.2 -maes -mavx -mfma -mavx2'
SIZEOF_CL_DOUBLE='0'
SIZEOF_CL_FLOAT='0'
SIZEOF_CL_INT='0'
SIZEOF_CL_LONG='0'
SIZEOF_C_DOUBLE='8'
SIZEOF_C_FLOAT='4'
SIZEOF_C_INT='4'
SIZEOF_C_LONG='8'
SML='smlnj'
SMLNJ_ARCH='x86'
SMLNJ_CMD='/home/teocollin/installs/smlnj/bin/sml'
SMLNJ_HEAP_SUFFIX='x86-linux'
SMLNJ_OPSYS='linux'
SMLNJ_PATH='/home/teocollin/installs/smlnj/bin'
SML_CMD='/home/teocollin/installs/smlnj/bin/sml'
TEEM_DIR='/home/teocollin/installs/teem/teem-build'
WX_CONFIG=''
ac_ct_CC='gcc'
ac_ct_CXX='clang++'
acx_pthread_config=''
bindir='${exec_prefix}/bin'
build='x86_64-pc-linux-gnu'
build_alias=''
build_cpu='x86_64'
build_os='linux-gnu'
build_vendor='pc'
datadir='${datarootdir}'
datarootdir='${prefix}/share'
docdir='${datarootdir}/doc/${PACKAGE_TARNAME}'
dvidir='${docdir}'
exec_prefix='${prefix}'
host='x86_64-pc-linux-gnu'
host_alias=''
host_cpu='x86_64'
host_os='linux-gnu'
host_vendor='pc'
htmldir='${docdir}'
includedir='${prefix}/include'
infodir='${datarootdir}/info'
libdir='${exec_prefix}/lib'
libexecdir='${exec_prefix}/libexec'
localedir='${datarootdir}/locale'
localstatedir='${prefix}/var'
mandir='${datarootdir}/man'
oldincludedir='/usr/include'
pdfdir='${docdir}'
prefix='/usr/local'
program_transform_name='s,x,x,'
psdir='${docdir}'
runstatedir='${localstatedir}/run'
sbindir='${exec_prefix}/sbin'
sharedstatedir='${prefix}/com'
sysconfdir='${prefix}/etc'
target_alias=''
with_mlton='no'

## ----------- ##
## confdefs.h. ##
## ----------- ##

/* confdefs.h */
#define PACKAGE_NAME "diderot"
#define PACKAGE_TARNAME "diderot"
#define PACKAGE_VERSION "2.0"
#define PACKAGE_STRING "diderot 2.0"
#define PACKAGE_BUGREPORT ""
#define PACKAGE_URL ""
#define HAVE_CXX11 1
#define HAVE_FUNC_ATTRIBUTE_NORETURN 1
#define HAVE_RDRND 1
#define HAVE_BMI1 1
#define HAVE_BMI2 1
#define HAVE_ADX 1
#define HAVE_MPX 1
#define HAVE_ABM 1
#define HAVE_MMX 1
#define HAVE_SSE 1
#define HAVE_SSE2 1
#define HAVE_SSE3 1
#define HAVE_SSSE3 1
#define HAVE_SSE4_1 1
#define HAVE_SSE4_2 1
#define HAVE_AES 1
#define HAVE_AVX 1
#define HAVE_FMA3 1
#define HAVE_AVX2 1
#define HAVE_BUILTIN_ATOMIC_OPS 1
#define STDC_HEADERS 1
#define HAVE_SYS_TYPES_H 1
#define HAVE_SYS_STAT_H 1
#define HAVE_STDLIB_H 1
#define HAVE_STRING_H 1
#define HAVE_MEMORY_H 1
#define HAVE_STRINGS_H 1
#define HAVE_INTTYPES_H 1
#define HAVE_STDINT_H 1
#define HAVE_UNISTD_H 1
#define SIZEOF_INT 4
#define SIZEOF_LONG 8
#define SIZEOF_FLOAT 4
#define SIZEOF_DOUBLE 8
#define HAVE__BOOL 1
#define HAVE_STDBOOL_H 1
#define HAVE_PTHREAD 1
#define HAVE_POSIX_MEMALIGN 1
#define HAVE_STRUCT_TIMESPEC 1
#define HAVE_CLOCK_GETTIME 1
#define HAVE_SIGTIMEDWAIT 1
#define HAVE_NANOSLEEP 1
#define HAVE_PTHREAD_SETAFFINITY_NP 1
#define HAVE_LIBNUMA 1
#define HAVE__PROC_CPUINFO 1
#define HAVE_SYS_GETCPU 1
#define DIDEROT_CL_VERSION 0
#define HAVE_NRRDMETADATANORMALIZE 1
#define DIDEROT_INCLUDE_PATH "/home/teocollin/gitcode/diderot/src/lib/include"

configure: exit 0
